[2018-12-08 23:32:07.331] [sharedprocess] [info] main {"machineId":"cf91ee20b44644c263363a40e74b55a05a602fd065b26d0c46f698fea6717450"}
[2018-12-08 23:32:07.452] [sharedprocess] [info] Scanned user extensions: 16
[2018-12-08 23:32:07.514] [sharedprocess] [info] Scanned user extensions: 16
[2018-12-08 23:32:07.524] [sharedprocess] [info] Scanned user extensions: 16
[2018-12-08 23:32:07.637] [sharedprocess] [info] Scanned system extensions: 71
[2018-12-08 23:32:07.644] [sharedprocess] [info] Scanned system extensions: 71
[2018-12-08 23:32:47.340] [sharedprocess] [info] Starting to clean up unused language packs.
[2018-12-08 23:37:07.565] [sharedprocess] [info] Scanned user extensions: 16
[2018-12-08 23:42:07.607] [sharedprocess] [info] Scanned user extensions: 16
[2018-12-08 23:47:07.644] [sharedprocess] [info] Scanned user extensions: 16
[2018-12-08 23:52:07.680] [sharedprocess] [info] Scanned user extensions: 16
[2018-12-08 23:57:07.718] [sharedprocess] [info] Scanned user extensions: 16
[2018-12-09 00:02:07.752] [sharedprocess] [info] Scanned user extensions: 16
[2018-12-09 00:07:07.793] [sharedprocess] [info] Scanned user extensions: 16
[2018-12-09 00:12:07.824] [sharedprocess] [info] Scanned user extensions: 16
[2018-12-09 00:17:07.865] [sharedprocess] [info] Scanned user extensions: 16
[2018-12-09 00:22:07.896] [sharedprocess] [info] Scanned user extensions: 16
[2018-12-09 00:27:07.928] [sharedprocess] [info] Scanned user extensions: 16
[2018-12-09 00:32:07.960] [sharedprocess] [info] Scanned user extensions: 16
[2018-12-09 00:37:07.997] [sharedprocess] [info] Scanned user extensions: 16
[2018-12-09 00:42:08.033] [sharedprocess] [info] Scanned user extensions: 16
[2018-12-09 00:47:08.066] [sharedprocess] [info] Scanned user extensions: 16
[2018-12-09 00:52:08.099] [sharedprocess] [info] Scanned user extensions: 16
[2018-12-09 00:57:08.135] [sharedprocess] [info] Scanned user extensions: 16
[2018-12-09 01:02:08.171] [sharedprocess] [info] Scanned user extensions: 16
[2018-12-09 01:07:08.203] [sharedprocess] [info] Scanned user extensions: 16
[2018-12-09 01:12:08.239] [sharedprocess] [info] Scanned user extensions: 16
[2018-12-09 01:17:08.275] [sharedprocess] [info] Scanned user extensions: 16
[2018-12-09 01:22:08.308] [sharedprocess] [info] Scanned user extensions: 16
[2018-12-09 01:27:08.342] [sharedprocess] [info] Scanned user extensions: 16
[2018-12-09 01:32:08.378] [sharedprocess] [info] Scanned user extensions: 16
[2018-12-09 01:37:08.413] [sharedprocess] [info] Scanned user extensions: 16
[2018-12-09 01:42:08.450] [sharedprocess] [info] Scanned user extensions: 16
[2018-12-09 01:47:08.489] [sharedprocess] [info] Scanned user extensions: 16
[2018-12-09 01:52:08.525] [sharedprocess] [info] Scanned user extensions: 16
[2018-12-09 01:57:08.567] [sharedprocess] [info] Scanned user extensions: 16
[2018-12-09 02:02:08.603] [sharedprocess] [info] Scanned user extensions: 16
[2018-12-09 02:07:08.632] [sharedprocess] [info] Scanned user extensions: 16
[2018-12-09 02:12:08.666] [sharedprocess] [info] Scanned user extensions: 16
[2018-12-09 02:17:08.702] [sharedprocess] [info] Scanned user extensions: 16
[2018-12-09 02:22:08.737] [sharedprocess] [info] Scanned user extensions: 16
[2018-12-09 02:27:08.770] [sharedprocess] [info] Scanned user extensions: 16
[2018-12-09 02:32:08.806] [sharedprocess] [info] Scanned user extensions: 16
[2018-12-09 02:37:08.840] [sharedprocess] [info] Scanned user extensions: 16
[2018-12-09 02:42:08.877] [sharedprocess] [info] Scanned user extensions: 16
[2018-12-09 02:47:08.910] [sharedprocess] [info] Scanned user extensions: 16
[2018-12-09 02:52:08.947] [sharedprocess] [info] Scanned user extensions: 16
[2018-12-09 02:57:08.985] [sharedprocess] [info] Scanned user extensions: 16
[2018-12-09 03:02:09.021] [sharedprocess] [info] Scanned user extensions: 16
[2018-12-09 03:07:09.059] [sharedprocess] [info] Scanned user extensions: 16
[2018-12-09 03:12:09.100] [sharedprocess] [info] Scanned user extensions: 16
[2018-12-09 03:17:09.138] [sharedprocess] [info] Scanned user extensions: 16
[2018-12-09 03:22:09.172] [sharedprocess] [info] Scanned user extensions: 16
[2018-12-09 03:27:09.209] [sharedprocess] [info] Scanned user extensions: 16
[2018-12-09 03:32:09.246] [sharedprocess] [info] Scanned user extensions: 16
[2018-12-09 03:37:09.282] [sharedprocess] [info] Scanned user extensions: 16
[2018-12-09 03:42:09.314] [sharedprocess] [info] Scanned user extensions: 16
[2018-12-09 03:47:09.352] [sharedprocess] [info] Scanned user extensions: 16
[2018-12-09 03:52:09.389] [sharedprocess] [info] Scanned user extensions: 16
[2018-12-09 03:57:09.426] [sharedprocess] [info] Scanned user extensions: 16
[2018-12-09 04:02:09.461] [sharedprocess] [info] Scanned user extensions: 16
[2018-12-09 04:07:09.497] [sharedprocess] [info] Scanned user extensions: 16
[2018-12-09 04:12:09.533] [sharedprocess] [info] Scanned user extensions: 16
[2018-12-09 04:17:09.568] [sharedprocess] [info] Scanned user extensions: 16
[2018-12-09 04:22:09.603] [sharedprocess] [info] Scanned user extensions: 16
[2018-12-09 04:27:09.633] [sharedprocess] [info] Scanned user extensions: 16
[2018-12-09 04:32:09.668] [sharedprocess] [info] Scanned user extensions: 16
[2018-12-09 04:37:09.703] [sharedprocess] [info] Scanned user extensions: 16
[2018-12-09 04:42:09.737] [sharedprocess] [info] Scanned user extensions: 16
[2018-12-09 04:47:09.769] [sharedprocess] [info] Scanned user extensions: 16
[2018-12-09 04:52:09.804] [sharedprocess] [info] Scanned user extensions: 16
[2018-12-09 04:57:09.838] [sharedprocess] [info] Scanned user extensions: 16
[2018-12-09 05:02:09.873] [sharedprocess] [info] Scanned user extensions: 16
[2018-12-09 05:07:09.910] [sharedprocess] [info] Scanned user extensions: 16
[2018-12-09 05:12:09.946] [sharedprocess] [info] Scanned user extensions: 16
[2018-12-09 05:17:09.979] [sharedprocess] [info] Scanned user extensions: 16
[2018-12-09 05:22:10.014] [sharedprocess] [info] Scanned user extensions: 16
[2018-12-09 05:27:10.048] [sharedprocess] [info] Scanned user extensions: 16
[2018-12-09 05:32:10.083] [sharedprocess] [info] Scanned user extensions: 16
[2018-12-09 05:37:10.118] [sharedprocess] [info] Scanned user extensions: 16
[2018-12-09 05:42:10.154] [sharedprocess] [info] Scanned user extensions: 16
[2018-12-09 05:47:10.189] [sharedprocess] [info] Scanned user extensions: 16
[2018-12-09 05:52:10.221] [sharedprocess] [info] Scanned user extensions: 16
[2018-12-09 05:57:10.258] [sharedprocess] [info] Scanned user extensions: 16
[2018-12-09 06:02:10.297] [sharedprocess] [info] Scanned user extensions: 16
[2018-12-09 06:07:10.331] [sharedprocess] [info] Scanned user extensions: 16
[2018-12-09 06:12:10.365] [sharedprocess] [info] Scanned user extensions: 16
[2018-12-09 06:17:10.399] [sharedprocess] [info] Scanned user extensions: 16
[2018-12-09 06:22:10.432] [sharedprocess] [info] Scanned user extensions: 16
[2018-12-09 06:27:10.470] [sharedprocess] [info] Scanned user extensions: 16
[2018-12-09 06:32:10.503] [sharedprocess] [info] Scanned user extensions: 16
[2018-12-09 06:37:10.536] [sharedprocess] [info] Scanned user extensions: 16
[2018-12-09 06:42:10.569] [sharedprocess] [info] Scanned user extensions: 16
[2018-12-09 06:47:10.605] [sharedprocess] [info] Scanned user extensions: 16
[2018-12-09 06:52:10.640] [sharedprocess] [info] Scanned user extensions: 16
[2018-12-09 06:57:10.676] [sharedprocess] [info] Scanned user extensions: 16
[2018-12-09 07:02:10.712] [sharedprocess] [info] Scanned user extensions: 16
[2018-12-09 07:07:10.743] [sharedprocess] [info] Scanned user extensions: 16
[2018-12-09 07:12:10.777] [sharedprocess] [info] Scanned user extensions: 16
[2018-12-09 07:17:10.810] [sharedprocess] [info] Scanned user extensions: 16
[2018-12-09 07:22:10.844] [sharedprocess] [info] Scanned user extensions: 16
[2018-12-09 07:27:10.881] [sharedprocess] [info] Scanned user extensions: 16
[2018-12-09 07:32:10.919] [sharedprocess] [info] Scanned user extensions: 16
[2018-12-09 07:37:10.953] [sharedprocess] [info] Scanned user extensions: 16
[2018-12-09 07:42:10.989] [sharedprocess] [info] Scanned user extensions: 16
[2018-12-09 07:47:11.022] [sharedprocess] [info] Scanned user extensions: 16
[2018-12-09 07:52:11.060] [sharedprocess] [info] Scanned user extensions: 16
[2018-12-09 07:57:11.090] [sharedprocess] [info] Scanned user extensions: 16
[2018-12-09 08:02:11.122] [sharedprocess] [info] Scanned user extensions: 16
[2018-12-09 08:07:11.157] [sharedprocess] [info] Scanned user extensions: 16
[2018-12-09 08:12:11.192] [sharedprocess] [info] Scanned user extensions: 16
[2018-12-09 08:17:11.226] [sharedprocess] [info] Scanned user extensions: 16
[2018-12-09 08:22:11.263] [sharedprocess] [info] Scanned user extensions: 16
[2018-12-09 08:27:11.299] [sharedprocess] [info] Scanned user extensions: 16
[2018-12-09 08:32:11.332] [sharedprocess] [info] Scanned user extensions: 16
[2018-12-09 08:37:11.366] [sharedprocess] [info] Scanned user extensions: 16
[2018-12-09 08:42:11.401] [sharedprocess] [info] Scanned user extensions: 16
[2018-12-09 08:47:11.437] [sharedprocess] [info] Scanned user extensions: 16
[2018-12-09 08:52:11.471] [sharedprocess] [info] Scanned user extensions: 16
[2018-12-09 08:57:11.505] [sharedprocess] [info] Scanned user extensions: 16
[2018-12-09 09:02:11.537] [sharedprocess] [info] Scanned user extensions: 16
[2018-12-09 09:07:11.570] [sharedprocess] [info] Scanned user extensions: 16
[2018-12-09 09:12:11.613] [sharedprocess] [info] Scanned user extensions: 16
[2018-12-09 09:17:11.647] [sharedprocess] [info] Scanned user extensions: 16
[2018-12-09 09:22:11.683] [sharedprocess] [info] Scanned user extensions: 16
[2018-12-09 09:27:11.718] [sharedprocess] [info] Scanned user extensions: 16
[2018-12-09 09:32:11.751] [sharedprocess] [info] Scanned user extensions: 16
[2018-12-09 09:37:11.788] [sharedprocess] [info] Scanned user extensions: 16
[2018-12-09 09:42:11.824] [sharedprocess] [info] Scanned user extensions: 16
[2018-12-09 09:47:11.857] [sharedprocess] [info] Scanned user extensions: 16
[2018-12-09 09:52:11.891] [sharedprocess] [info] Scanned user extensions: 16
[2018-12-09 09:57:11.926] [sharedprocess] [info] Scanned user extensions: 16
[2018-12-09 10:02:11.961] [sharedprocess] [info] Scanned user extensions: 16
[2018-12-09 10:07:11.999] [sharedprocess] [info] Scanned user extensions: 16
[2018-12-09 10:12:12.031] [sharedprocess] [info] Scanned user extensions: 16
[2018-12-09 10:17:12.065] [sharedprocess] [info] Scanned user extensions: 16
[2018-12-09 10:22:12.097] [sharedprocess] [info] Scanned user extensions: 16
[2018-12-09 10:27:12.134] [sharedprocess] [info] Scanned user extensions: 16
[2018-12-09 10:32:12.167] [sharedprocess] [info] Scanned user extensions: 16
[2018-12-09 10:37:12.199] [sharedprocess] [info] Scanned user extensions: 16
[2018-12-09 10:42:12.232] [sharedprocess] [info] Scanned user extensions: 16
[2018-12-09 10:47:12.265] [sharedprocess] [info] Scanned user extensions: 16
[2018-12-09 10:52:12.302] [sharedprocess] [info] Scanned user extensions: 16
[2018-12-09 10:57:12.334] [sharedprocess] [info] Scanned user extensions: 16
[2018-12-09 11:02:12.368] [sharedprocess] [info] Scanned user extensions: 16
[2018-12-09 11:07:12.403] [sharedprocess] [info] Scanned user extensions: 16
[2018-12-09 11:12:12.437] [sharedprocess] [info] Scanned user extensions: 16
[2018-12-09 11:17:12.475] [sharedprocess] [info] Scanned user extensions: 16
[2018-12-09 11:22:12.508] [sharedprocess] [info] Scanned user extensions: 16
[2018-12-09 11:56:33.819] [sharedprocess] [info] Scanned user extensions: 16
[2018-12-09 12:01:33.853] [sharedprocess] [info] Scanned user extensions: 16
[2018-12-09 12:06:33.886] [sharedprocess] [info] Scanned user extensions: 16
[2018-12-09 12:11:33.920] [sharedprocess] [info] Scanned user extensions: 16
[2018-12-09 12:16:33.955] [sharedprocess] [info] Scanned user extensions: 16
[2018-12-09 12:21:33.993] [sharedprocess] [info] Scanned user extensions: 16
[2018-12-09 12:26:34.022] [sharedprocess] [info] Scanned user extensions: 16
[2018-12-09 12:31:34.055] [sharedprocess] [info] Scanned user extensions: 16
[2018-12-09 12:36:34.089] [sharedprocess] [info] Scanned user extensions: 16
[2018-12-09 12:41:34.126] [sharedprocess] [info] Scanned user extensions: 16
[2018-12-09 12:46:34.164] [sharedprocess] [info] Scanned user extensions: 16
[2018-12-09 12:51:34.200] [sharedprocess] [info] Scanned user extensions: 16
[2018-12-09 12:56:34.242] [sharedprocess] [info] Scanned user extensions: 16
[2018-12-09 13:01:34.280] [sharedprocess] [info] Scanned user extensions: 16
[2018-12-09 13:06:34.311] [sharedprocess] [info] Scanned user extensions: 16
[2018-12-09 13:11:34.348] [sharedprocess] [info] Scanned user extensions: 16
[2018-12-09 13:16:34.382] [sharedprocess] [info] Scanned user extensions: 16
[2018-12-09 13:21:34.416] [sharedprocess] [info] Scanned user extensions: 16
[2018-12-09 13:26:34.450] [sharedprocess] [info] Scanned user extensions: 16
[2018-12-09 13:31:34.485] [sharedprocess] [info] Scanned user extensions: 16
[2018-12-09 13:36:34.520] [sharedprocess] [info] Scanned user extensions: 16
[2018-12-09 13:41:34.552] [sharedprocess] [info] Scanned user extensions: 16
[2018-12-09 13:46:34.584] [sharedprocess] [info] Scanned user extensions: 16
[2018-12-09 13:51:34.612] [sharedprocess] [info] Scanned user extensions: 16
[2018-12-09 15:59:11.332] [sharedprocess] [info] Scanned user extensions: 16
[2018-12-09 16:04:11.365] [sharedprocess] [info] Scanned user extensions: 16
[2018-12-09 16:09:11.400] [sharedprocess] [info] Scanned user extensions: 16
[2018-12-09 16:14:11.437] [sharedprocess] [info] Scanned user extensions: 16
[2018-12-09 16:19:11.471] [sharedprocess] [info] Scanned user extensions: 16
[2018-12-09 16:24:11.502] [sharedprocess] [info] Scanned user extensions: 16
[2018-12-09 16:29:11.539] [sharedprocess] [info] Scanned user extensions: 16
[2018-12-09 16:34:11.574] [sharedprocess] [info] Scanned user extensions: 16
[2018-12-09 16:39:11.610] [sharedprocess] [info] Scanned user extensions: 16
[2018-12-09 16:44:11.644] [sharedprocess] [info] Scanned user extensions: 16
[2018-12-09 16:49:11.676] [sharedprocess] [info] Scanned user extensions: 16
[2018-12-09 16:54:11.710] [sharedprocess] [info] Scanned user extensions: 16
[2018-12-09 16:59:11.748] [sharedprocess] [info] Scanned user extensions: 16
[2018-12-09 17:04:11.786] [sharedprocess] [info] Scanned user extensions: 16
[2018-12-09 17:09:11.829] [sharedprocess] [info] Scanned user extensions: 16
[2018-12-09 17:14:11.870] [sharedprocess] [info] Scanned user extensions: 16
[2018-12-09 17:19:11.901] [sharedprocess] [info] Scanned user extensions: 16
[2018-12-09 17:24:11.939] [sharedprocess] [info] Scanned user extensions: 16
[2018-12-09 17:29:11.970] [sharedprocess] [info] Scanned user extensions: 16
[2018-12-09 17:34:12.006] [sharedprocess] [info] Scanned user extensions: 16
[2018-12-09 17:39:12.044] [sharedprocess] [info] Scanned user extensions: 16
[2018-12-09 17:44:12.079] [sharedprocess] [info] Scanned user extensions: 16
[2018-12-09 17:49:12.114] [sharedprocess] [info] Scanned user extensions: 16
[2018-12-09 17:54:12.149] [sharedprocess] [info] Scanned user extensions: 16
[2018-12-09 17:59:12.192] [sharedprocess] [info] Scanned user extensions: 16
[2018-12-09 18:04:12.227] [sharedprocess] [info] Scanned user extensions: 16
[2018-12-09 18:09:01.940] [sharedprocess] [info] Scanned user extensions: 16
[2018-12-09 18:09:02.077] [sharedprocess] [info] Scanned user extensions: 16
[2018-12-09 18:09:02.087] [sharedprocess] [info] Scanned user extensions: 16
[2018-12-09 18:09:02.097] [sharedprocess] [info] Scanned user extensions: 16
[2018-12-09 18:09:02.173] [sharedprocess] [info] Scanned system extensions: 71
[2018-12-09 18:09:02.180] [sharedprocess] [info] Scanned system extensions: 71
[2018-12-09 18:09:02.186] [sharedprocess] [info] Scanned system extensions: 71
[2018-12-09 18:09:12.265] [sharedprocess] [info] Scanned user extensions: 16
[2018-12-09 18:09:26.411] [sharedprocess] [info] Scanned user extensions: 16
[2018-12-09 18:09:26.412] [sharedprocess] [info] Uninstalling extension: spywhere.guides-0.9.2
[2018-12-09 18:09:26.428] [sharedprocess] [info] Scanned user extensions: 16
[2018-12-09 18:09:26.478] [sharedprocess] [info] Successfully uninstalled extension: spywhere.guides-0.9.2
[2018-12-09 18:09:26.749] [sharedprocess] [info] Scanned system extensions: 71
[2018-12-09 18:09:27.068] [sharedprocess] [info] Scanned user extensions: 15
[2018-12-09 18:09:29.359] [sharedprocess] [info] Scanned user extensions: 15
[2018-12-09 18:09:29.450] [sharedprocess] [info] Scanned user extensions: 15
[2018-12-09 18:09:29.479] [sharedprocess] [info] Scanned system extensions: 71
[2018-12-09 18:09:29.496] [sharedprocess] [info] Scanned system extensions: 71
[2018-12-09 18:09:29.497] [sharedprocess] [info] Scanned system extensions: 71
[2018-12-09 18:09:29.497] [sharedprocess] [info] Scanned system extensions: 71
[2018-12-09 18:09:29.510] [sharedprocess] [info] Scanned user extensions: 15
[2018-12-09 18:09:29.598] [sharedprocess] [info] Scanned user extensions: 15
[2018-12-09 18:09:29.643] [sharedprocess] [info] Scanned user extensions: 15
[2018-12-09 18:09:30.619] [sharedprocess] [info] Scanned user extensions: 15
[2018-12-09 18:14:30.799] [sharedprocess] [info] Scanned user extensions: 15
[2018-12-09 18:19:30.849] [sharedprocess] [info] Scanned user extensions: 15
[2018-12-09 18:24:30.910] [sharedprocess] [info] Scanned user extensions: 15
[2018-12-09 18:29:31.030] [sharedprocess] [info] Scanned user extensions: 15
[2018-12-09 18:34:31.136] [sharedprocess] [info] Scanned user extensions: 15
[2018-12-09 18:39:31.367] [sharedprocess] [info] Scanned user extensions: 15
[2018-12-09 18:44:32.534] [sharedprocess] [info] Scanned user extensions: 15
[2018-12-09 18:49:32.639] [sharedprocess] [info] Scanned user extensions: 15
[2018-12-09 18:54:32.750] [sharedprocess] [info] Scanned user extensions: 15
[2018-12-09 18:59:32.804] [sharedprocess] [info] Scanned user extensions: 15
[2018-12-09 19:04:32.922] [sharedprocess] [info] Scanned user extensions: 15
[2018-12-09 19:09:33.032] [sharedprocess] [info] Scanned user extensions: 15
[2018-12-09 19:14:33.130] [sharedprocess] [info] Scanned user extensions: 15
[2018-12-09 19:19:33.184] [sharedprocess] [info] Scanned user extensions: 15
[2018-12-09 19:24:33.299] [sharedprocess] [info] Scanned user extensions: 15
[2018-12-09 19:29:33.381] [sharedprocess] [info] Scanned user extensions: 15
[2018-12-09 19:34:33.496] [sharedprocess] [info] Scanned user extensions: 15
[2018-12-09 19:39:33.604] [sharedprocess] [info] Scanned user extensions: 15
[2018-12-09 19:44:33.674] [sharedprocess] [info] Scanned user extensions: 15
[2018-12-09 19:49:33.751] [sharedprocess] [info] Scanned user extensions: 15
[2018-12-09 19:54:33.859] [sharedprocess] [info] Scanned user extensions: 15
[2018-12-09 19:59:33.975] [sharedprocess] [info] Scanned user extensions: 15
[2018-12-09 20:04:34.096] [sharedprocess] [info] Scanned user extensions: 15
[2018-12-09 20:09:34.150] [sharedprocess] [info] Scanned user extensions: 15
[2018-12-09 20:14:34.248] [sharedprocess] [info] Scanned user extensions: 15
