[2018-12-07 23:06:05.669] [exthost] [info] extension host started
[2018-12-07 23:06:05.722] [exthost] [info] ExtensionService#_doActivateExtension vscode.debug-auto-launch {"startup":true,"activationEvent":"*"}
[2018-12-07 23:06:05.722] [exthost] [info] ExtensionService#loadCommonJSModule /usr/share/vscodium/resources/app/extensions/debug-auto-launch/dist/extension
[2018-12-07 23:06:05.733] [exthost] [info] ExtensionService#_doActivateExtension vscode.emmet {"startup":true,"activationEvent":"*"}
[2018-12-07 23:06:05.733] [exthost] [info] ExtensionService#loadCommonJSModule /usr/share/vscodium/resources/app/extensions/emmet/dist/extension
[2018-12-07 23:06:05.761] [exthost] [info] ExtensionService#_doActivateExtension vscode.git {"startup":true,"activationEvent":"*"}
[2018-12-07 23:06:05.761] [exthost] [info] ExtensionService#loadCommonJSModule /usr/share/vscodium/resources/app/extensions/git/dist/main
[2018-12-07 23:06:05.914] [exthost] [info] ExtensionService#_doActivateExtension vscode.merge-conflict {"startup":true,"activationEvent":"*"}
[2018-12-07 23:06:05.914] [exthost] [info] ExtensionService#loadCommonJSModule /usr/share/vscodium/resources/app/extensions/merge-conflict/dist/extension
[2018-12-07 23:06:05.925] [exthost] [info] ExtensionService#_doActivateExtension icrawl.discord-vscode {"startup":true,"activationEvent":"*"}
[2018-12-07 23:06:05.925] [exthost] [info] ExtensionService#loadCommonJSModule /home/omar/.vscode-oss/extensions/icrawl.discord-vscode-3.2.1/dist/extension
[2018-12-07 23:06:05.990] [exthost] [info] ExtensionService#_doActivateExtension robertohuertasm.vscode-icons {"startup":true,"activationEvent":"*"}
[2018-12-07 23:06:05.990] [exthost] [info] ExtensionService#loadCommonJSModule /home/omar/.vscode-oss/extensions/robertohuertasm.vscode-icons-7.28.0/out/src/
[2018-12-07 23:06:06.055] [exthost] [info] ExtensionService#_doActivateExtension spywhere.guides {"startup":true,"activationEvent":"*"}
[2018-12-07 23:06:06.055] [exthost] [info] ExtensionService#loadCommonJSModule /home/omar/.vscode-oss/extensions/spywhere.guides-0.9.2/out/extension
[2018-12-07 23:06:06.216] [exthost] [info] ExtensionService#_doActivateExtension vscodevim.vim {"startup":true,"activationEvent":"*"}
[2018-12-07 23:06:06.216] [exthost] [info] ExtensionService#loadCommonJSModule /home/omar/.vscode-oss/extensions/vscodevim.vim-0.16.13/out/extension
[2018-12-07 23:06:06.565] [exthost] [info] eager extensions activated
[2018-12-07 23:06:06.568] [exthost] [info] ExtensionService#_doActivateExtension ms-vscode.cpptools {"startup":false,"activationEvent":"onLanguage:c"}
[2018-12-07 23:06:06.568] [exthost] [info] ExtensionService#loadCommonJSModule /home/omar/.vscode-oss/extensions/ms-vscode.cpptools-0.20.1/out/src/main
[2018-12-08 00:18:16.527] [exthost] [info] extension host started
[2018-12-08 00:18:16.591] [exthost] [info] ExtensionService#_doActivateExtension vscode.debug-auto-launch {"startup":true,"activationEvent":"*"}
[2018-12-08 00:18:16.591] [exthost] [info] ExtensionService#loadCommonJSModule /usr/share/vscodium/resources/app/extensions/debug-auto-launch/dist/extension
[2018-12-08 00:18:16.599] [exthost] [info] ExtensionService#_doActivateExtension vscode.emmet {"startup":true,"activationEvent":"*"}
[2018-12-08 00:18:16.599] [exthost] [info] ExtensionService#loadCommonJSModule /usr/share/vscodium/resources/app/extensions/emmet/dist/extension
[2018-12-08 00:18:16.634] [exthost] [info] ExtensionService#_doActivateExtension vscode.git {"startup":true,"activationEvent":"*"}
[2018-12-08 00:18:16.634] [exthost] [info] ExtensionService#loadCommonJSModule /usr/share/vscodium/resources/app/extensions/git/dist/main
[2018-12-08 00:18:16.846] [exthost] [info] ExtensionService#_doActivateExtension vscode.merge-conflict {"startup":true,"activationEvent":"*"}
[2018-12-08 00:18:16.846] [exthost] [info] ExtensionService#loadCommonJSModule /usr/share/vscodium/resources/app/extensions/merge-conflict/dist/extension
[2018-12-08 00:18:16.854] [exthost] [info] ExtensionService#_doActivateExtension icrawl.discord-vscode {"startup":true,"activationEvent":"*"}
[2018-12-08 00:18:16.854] [exthost] [info] ExtensionService#loadCommonJSModule /home/omar/.vscode-oss/extensions/icrawl.discord-vscode-3.2.1/dist/extension
[2018-12-08 00:18:16.987] [exthost] [info] ExtensionService#_doActivateExtension robertohuertasm.vscode-icons {"startup":true,"activationEvent":"*"}
[2018-12-08 00:18:16.987] [exthost] [info] ExtensionService#loadCommonJSModule /home/omar/.vscode-oss/extensions/robertohuertasm.vscode-icons-7.28.0/out/src/
[2018-12-08 00:18:17.090] [exthost] [info] ExtensionService#_doActivateExtension spywhere.guides {"startup":true,"activationEvent":"*"}
[2018-12-08 00:18:17.091] [exthost] [info] ExtensionService#loadCommonJSModule /home/omar/.vscode-oss/extensions/spywhere.guides-0.9.2/out/extension
[2018-12-08 00:18:17.396] [exthost] [info] ExtensionService#_doActivateExtension vscodevim.vim {"startup":true,"activationEvent":"*"}
[2018-12-08 00:18:17.396] [exthost] [info] ExtensionService#loadCommonJSModule /home/omar/.vscode-oss/extensions/vscodevim.vim-0.16.13/out/extension
[2018-12-08 00:18:17.983] [exthost] [info] eager extensions activated
[2018-12-08 00:18:17.988] [exthost] [info] ExtensionService#_doActivateExtension ms-vscode.cpptools {"startup":false,"activationEvent":"onLanguage:c"}
[2018-12-08 00:18:17.988] [exthost] [info] ExtensionService#loadCommonJSModule /home/omar/.vscode-oss/extensions/ms-vscode.cpptools-0.20.1/out/src/main
[2018-12-08 00:37:29.004] [exthost] [info] extension host started
[2018-12-08 00:37:29.039] [exthost] [info] ExtensionService#_doActivateExtension vscode.debug-auto-launch {"startup":true,"activationEvent":"*"}
[2018-12-08 00:37:29.040] [exthost] [info] ExtensionService#loadCommonJSModule /usr/share/vscodium/resources/app/extensions/debug-auto-launch/dist/extension
[2018-12-08 00:37:29.049] [exthost] [info] ExtensionService#_doActivateExtension vscode.emmet {"startup":true,"activationEvent":"*"}
[2018-12-08 00:37:29.049] [exthost] [info] ExtensionService#loadCommonJSModule /usr/share/vscodium/resources/app/extensions/emmet/dist/extension
[2018-12-08 00:37:29.081] [exthost] [info] ExtensionService#_doActivateExtension vscode.git {"startup":true,"activationEvent":"*"}
[2018-12-08 00:37:29.081] [exthost] [info] ExtensionService#loadCommonJSModule /usr/share/vscodium/resources/app/extensions/git/dist/main
[2018-12-08 00:37:29.219] [exthost] [info] ExtensionService#_doActivateExtension vscode.merge-conflict {"startup":true,"activationEvent":"*"}
[2018-12-08 00:37:29.219] [exthost] [info] ExtensionService#loadCommonJSModule /usr/share/vscodium/resources/app/extensions/merge-conflict/dist/extension
[2018-12-08 00:37:29.230] [exthost] [info] ExtensionService#_doActivateExtension icrawl.discord-vscode {"startup":true,"activationEvent":"*"}
[2018-12-08 00:37:29.230] [exthost] [info] ExtensionService#loadCommonJSModule /home/omar/.vscode-oss/extensions/icrawl.discord-vscode-3.2.1/dist/extension
[2018-12-08 00:37:29.305] [exthost] [info] ExtensionService#_doActivateExtension PKief.material-icon-theme {"startup":true,"activationEvent":"*"}
[2018-12-08 00:37:29.305] [exthost] [info] ExtensionService#loadCommonJSModule /home/omar/.vscode-oss/extensions/pkief.material-icon-theme-3.6.1/out/src/extension
[2018-12-08 00:37:29.383] [exthost] [info] ExtensionService#_doActivateExtension robertohuertasm.vscode-icons {"startup":true,"activationEvent":"*"}
[2018-12-08 00:37:29.383] [exthost] [info] ExtensionService#loadCommonJSModule /home/omar/.vscode-oss/extensions/robertohuertasm.vscode-icons-7.28.0/out/src/
[2018-12-08 00:37:29.457] [exthost] [info] ExtensionService#_doActivateExtension spywhere.guides {"startup":true,"activationEvent":"*"}
[2018-12-08 00:37:29.457] [exthost] [info] ExtensionService#loadCommonJSModule /home/omar/.vscode-oss/extensions/spywhere.guides-0.9.2/out/extension
[2018-12-08 00:37:29.653] [exthost] [info] ExtensionService#_doActivateExtension vscodevim.vim {"startup":true,"activationEvent":"*"}
[2018-12-08 00:37:29.653] [exthost] [info] ExtensionService#loadCommonJSModule /home/omar/.vscode-oss/extensions/vscodevim.vim-0.16.13/out/extension
[2018-12-08 00:37:30.024] [exthost] [info] ExtensionService#_doActivateExtension ms-vscode.cpptools {"startup":false,"activationEvent":"onLanguage:c"}
[2018-12-08 00:37:30.024] [exthost] [info] ExtensionService#loadCommonJSModule /home/omar/.vscode-oss/extensions/ms-vscode.cpptools-0.20.1/out/src/main
[2018-12-08 00:37:30.502] [exthost] [info] eager extensions activated
[2018-12-08 00:50:04.935] [exthost] [info] ExtensionService#_doActivateExtension vscode.configuration-editing {"startup":false,"activationEvent":"onLanguage:jsonc"}
[2018-12-08 00:50:04.935] [exthost] [info] ExtensionService#loadCommonJSModule /usr/share/vscodium/resources/app/extensions/configuration-editing/dist/extension
[2018-12-08 00:50:05.080] [exthost] [info] ExtensionService#_doActivateExtension vscode.json-language-features {"startup":false,"activationEvent":"onLanguage:jsonc"}
[2018-12-08 00:50:05.080] [exthost] [info] ExtensionService#loadCommonJSModule /usr/share/vscodium/resources/app/extensions/json-language-features/client/dist/jsonMain
[2018-12-08 00:50:05.242] [exthost] [info] ExtensionService#_doActivateExtension vscode.typescript-language-features {"startup":false,"activationEvent":"onLanguage:jsonc"}
[2018-12-08 00:50:05.242] [exthost] [info] ExtensionService#loadCommonJSModule /usr/share/vscodium/resources/app/extensions/typescript-language-features/dist/extension
[2018-12-08 00:53:44.721] [exthost] [info] extension host started
[2018-12-08 00:53:44.775] [exthost] [info] ExtensionService#_doActivateExtension vscode.debug-auto-launch {"startup":true,"activationEvent":"*"}
[2018-12-08 00:53:44.776] [exthost] [info] ExtensionService#loadCommonJSModule /usr/share/vscodium/resources/app/extensions/debug-auto-launch/dist/extension
[2018-12-08 00:53:44.787] [exthost] [info] ExtensionService#_doActivateExtension vscode.emmet {"startup":true,"activationEvent":"*"}
[2018-12-08 00:53:44.787] [exthost] [info] ExtensionService#loadCommonJSModule /usr/share/vscodium/resources/app/extensions/emmet/dist/extension
[2018-12-08 00:53:44.810] [exthost] [info] ExtensionService#_doActivateExtension vscode.git {"startup":true,"activationEvent":"*"}
[2018-12-08 00:53:44.810] [exthost] [info] ExtensionService#loadCommonJSModule /usr/share/vscodium/resources/app/extensions/git/dist/main
[2018-12-08 00:53:44.950] [exthost] [info] ExtensionService#_doActivateExtension vscode.merge-conflict {"startup":true,"activationEvent":"*"}
[2018-12-08 00:53:44.950] [exthost] [info] ExtensionService#loadCommonJSModule /usr/share/vscodium/resources/app/extensions/merge-conflict/dist/extension
[2018-12-08 00:53:44.958] [exthost] [info] ExtensionService#_doActivateExtension icrawl.discord-vscode {"startup":true,"activationEvent":"*"}
[2018-12-08 00:53:44.958] [exthost] [info] ExtensionService#loadCommonJSModule /home/omar/.vscode-oss/extensions/icrawl.discord-vscode-3.2.1/dist/extension
[2018-12-08 00:53:45.038] [exthost] [info] ExtensionService#_doActivateExtension PKief.material-icon-theme {"startup":true,"activationEvent":"*"}
[2018-12-08 00:53:45.038] [exthost] [info] ExtensionService#loadCommonJSModule /home/omar/.vscode-oss/extensions/pkief.material-icon-theme-3.6.1/out/src/extension
[2018-12-08 00:53:45.079] [exthost] [info] ExtensionService#_doActivateExtension robertohuertasm.vscode-icons {"startup":true,"activationEvent":"*"}
[2018-12-08 00:53:45.079] [exthost] [info] ExtensionService#loadCommonJSModule /home/omar/.vscode-oss/extensions/robertohuertasm.vscode-icons-7.28.0/out/src/
[2018-12-08 00:53:45.165] [exthost] [info] ExtensionService#_doActivateExtension spywhere.guides {"startup":true,"activationEvent":"*"}
[2018-12-08 00:53:45.165] [exthost] [info] ExtensionService#loadCommonJSModule /home/omar/.vscode-oss/extensions/spywhere.guides-0.9.2/out/extension
[2018-12-08 00:53:45.376] [exthost] [info] ExtensionService#_doActivateExtension vscodevim.vim {"startup":true,"activationEvent":"*"}
[2018-12-08 00:53:45.376] [exthost] [info] ExtensionService#loadCommonJSModule /home/omar/.vscode-oss/extensions/vscodevim.vim-0.16.13/out/extension
[2018-12-08 00:53:45.783] [exthost] [info] ExtensionService#_doActivateExtension ms-vscode.cpptools {"startup":false,"activationEvent":"onLanguage:c"}
[2018-12-08 00:53:45.783] [exthost] [info] ExtensionService#loadCommonJSModule /home/omar/.vscode-oss/extensions/ms-vscode.cpptools-0.20.1/out/src/main
[2018-12-08 00:53:46.325] [exthost] [info] eager extensions activated
[2018-12-08 00:53:49.174] [exthost] [info] ExtensionService#_doActivateExtension vscode.configuration-editing {"startup":false,"activationEvent":"onLanguage:jsonc"}
[2018-12-08 00:53:49.174] [exthost] [info] ExtensionService#loadCommonJSModule /usr/share/vscodium/resources/app/extensions/configuration-editing/dist/extension
[2018-12-08 00:53:49.185] [exthost] [info] ExtensionService#_doActivateExtension vscode.json-language-features {"startup":false,"activationEvent":"onLanguage:jsonc"}
[2018-12-08 00:53:49.185] [exthost] [info] ExtensionService#loadCommonJSModule /usr/share/vscodium/resources/app/extensions/json-language-features/client/dist/jsonMain
[2018-12-08 00:53:49.263] [exthost] [info] ExtensionService#_doActivateExtension vscode.typescript-language-features {"startup":false,"activationEvent":"onLanguage:jsonc"}
[2018-12-08 00:53:49.263] [exthost] [info] ExtensionService#loadCommonJSModule /usr/share/vscodium/resources/app/extensions/typescript-language-features/dist/extension
[2018-12-08 01:15:05.120] [exthost] [info] extension host started
[2018-12-08 01:15:05.178] [exthost] [info] ExtensionService#_doActivateExtension vscode.debug-auto-launch {"startup":true,"activationEvent":"*"}
[2018-12-08 01:15:05.178] [exthost] [info] ExtensionService#loadCommonJSModule /usr/share/vscodium/resources/app/extensions/debug-auto-launch/dist/extension
[2018-12-08 01:15:05.189] [exthost] [info] ExtensionService#_doActivateExtension vscode.emmet {"startup":true,"activationEvent":"*"}
[2018-12-08 01:15:05.189] [exthost] [info] ExtensionService#loadCommonJSModule /usr/share/vscodium/resources/app/extensions/emmet/dist/extension
[2018-12-08 01:15:05.215] [exthost] [info] ExtensionService#_doActivateExtension vscode.git {"startup":true,"activationEvent":"*"}
[2018-12-08 01:15:05.215] [exthost] [info] ExtensionService#loadCommonJSModule /usr/share/vscodium/resources/app/extensions/git/dist/main
[2018-12-08 01:15:05.410] [exthost] [info] ExtensionService#_doActivateExtension vscode.merge-conflict {"startup":true,"activationEvent":"*"}
[2018-12-08 01:15:05.410] [exthost] [info] ExtensionService#loadCommonJSModule /usr/share/vscodium/resources/app/extensions/merge-conflict/dist/extension
[2018-12-08 01:15:05.422] [exthost] [info] ExtensionService#_doActivateExtension icrawl.discord-vscode {"startup":true,"activationEvent":"*"}
[2018-12-08 01:15:05.423] [exthost] [info] ExtensionService#loadCommonJSModule /home/omar/.vscode-oss/extensions/icrawl.discord-vscode-3.2.1/dist/extension
[2018-12-08 01:15:05.524] [exthost] [info] ExtensionService#_doActivateExtension PKief.material-icon-theme {"startup":true,"activationEvent":"*"}
[2018-12-08 01:15:05.524] [exthost] [info] ExtensionService#loadCommonJSModule /home/omar/.vscode-oss/extensions/pkief.material-icon-theme-3.6.1/out/src/extension
[2018-12-08 01:15:05.589] [exthost] [info] ExtensionService#_doActivateExtension robertohuertasm.vscode-icons {"startup":true,"activationEvent":"*"}
[2018-12-08 01:15:05.589] [exthost] [info] ExtensionService#loadCommonJSModule /home/omar/.vscode-oss/extensions/robertohuertasm.vscode-icons-7.28.0/out/src/
[2018-12-08 01:15:05.716] [exthost] [info] ExtensionService#_doActivateExtension spywhere.guides {"startup":true,"activationEvent":"*"}
[2018-12-08 01:15:05.716] [exthost] [info] ExtensionService#loadCommonJSModule /home/omar/.vscode-oss/extensions/spywhere.guides-0.9.2/out/extension
[2018-12-08 01:15:06.133] [exthost] [info] ExtensionService#_doActivateExtension vscodevim.vim {"startup":true,"activationEvent":"*"}
[2018-12-08 01:15:06.134] [exthost] [info] ExtensionService#loadCommonJSModule /home/omar/.vscode-oss/extensions/vscodevim.vim-0.16.13/out/extension
[2018-12-08 01:15:07.371] [exthost] [info] eager extensions activated
[2018-12-08 01:15:36.994] [exthost] [info] ExtensionService#_doActivateExtension vscode.configuration-editing {"startup":false,"activationEvent":"onLanguage:jsonc"}
[2018-12-08 01:15:36.994] [exthost] [info] ExtensionService#loadCommonJSModule /usr/share/vscodium/resources/app/extensions/configuration-editing/dist/extension
[2018-12-08 01:15:37.011] [exthost] [info] ExtensionService#_doActivateExtension vscode.json-language-features {"startup":false,"activationEvent":"onLanguage:jsonc"}
[2018-12-08 01:15:37.011] [exthost] [info] ExtensionService#loadCommonJSModule /usr/share/vscodium/resources/app/extensions/json-language-features/client/dist/jsonMain
[2018-12-08 01:15:37.111] [exthost] [info] ExtensionService#_doActivateExtension vscode.typescript-language-features {"startup":false,"activationEvent":"onLanguage:jsonc"}
[2018-12-08 01:15:37.111] [exthost] [info] ExtensionService#loadCommonJSModule /usr/share/vscodium/resources/app/extensions/typescript-language-features/dist/extension
[2018-12-08 01:15:43.284] [exthost] [info] extension host started
[2018-12-08 01:15:43.345] [exthost] [info] ExtensionService#_doActivateExtension vscode.debug-auto-launch {"startup":true,"activationEvent":"*"}
[2018-12-08 01:15:43.346] [exthost] [info] ExtensionService#loadCommonJSModule /usr/share/vscodium/resources/app/extensions/debug-auto-launch/dist/extension
[2018-12-08 01:15:43.357] [exthost] [info] ExtensionService#_doActivateExtension vscode.emmet {"startup":true,"activationEvent":"*"}
[2018-12-08 01:15:43.357] [exthost] [info] ExtensionService#loadCommonJSModule /usr/share/vscodium/resources/app/extensions/emmet/dist/extension
[2018-12-08 01:15:43.391] [exthost] [info] ExtensionService#_doActivateExtension vscode.git {"startup":true,"activationEvent":"*"}
[2018-12-08 01:15:43.391] [exthost] [info] ExtensionService#loadCommonJSModule /usr/share/vscodium/resources/app/extensions/git/dist/main
[2018-12-08 01:15:43.659] [exthost] [info] ExtensionService#_doActivateExtension vscode.merge-conflict {"startup":true,"activationEvent":"*"}
[2018-12-08 01:15:43.659] [exthost] [info] ExtensionService#loadCommonJSModule /usr/share/vscodium/resources/app/extensions/merge-conflict/dist/extension
[2018-12-08 01:15:43.671] [exthost] [info] ExtensionService#_doActivateExtension icrawl.discord-vscode {"startup":true,"activationEvent":"*"}
[2018-12-08 01:15:43.672] [exthost] [info] ExtensionService#loadCommonJSModule /home/omar/.vscode-oss/extensions/icrawl.discord-vscode-3.2.1/dist/extension
[2018-12-08 01:15:43.830] [exthost] [info] ExtensionService#_doActivateExtension PKief.material-icon-theme {"startup":true,"activationEvent":"*"}
[2018-12-08 01:15:43.830] [exthost] [info] ExtensionService#loadCommonJSModule /home/omar/.vscode-oss/extensions/pkief.material-icon-theme-3.6.1/out/src/extension
[2018-12-08 01:15:43.907] [exthost] [info] ExtensionService#_doActivateExtension robertohuertasm.vscode-icons {"startup":true,"activationEvent":"*"}
[2018-12-08 01:15:43.907] [exthost] [info] ExtensionService#loadCommonJSModule /home/omar/.vscode-oss/extensions/robertohuertasm.vscode-icons-7.28.0/out/src/
[2018-12-08 01:15:44.068] [exthost] [info] ExtensionService#_doActivateExtension spywhere.guides {"startup":true,"activationEvent":"*"}
[2018-12-08 01:15:44.068] [exthost] [info] ExtensionService#loadCommonJSModule /home/omar/.vscode-oss/extensions/spywhere.guides-0.9.2/out/extension
[2018-12-08 01:15:44.478] [exthost] [info] ExtensionService#_doActivateExtension vscodevim.vim {"startup":true,"activationEvent":"*"}
[2018-12-08 01:15:44.478] [exthost] [info] ExtensionService#loadCommonJSModule /home/omar/.vscode-oss/extensions/vscodevim.vim-0.16.13/out/extension
[2018-12-08 01:15:45.577] [exthost] [info] eager extensions activated
[2018-12-08 01:16:56.459] [exthost] [info] ExtensionService#_doActivateExtension vscode.configuration-editing {"startup":false,"activationEvent":"onLanguage:jsonc"}
[2018-12-08 01:16:56.459] [exthost] [info] ExtensionService#loadCommonJSModule /usr/share/vscodium/resources/app/extensions/configuration-editing/dist/extension
[2018-12-08 01:16:56.473] [exthost] [info] ExtensionService#_doActivateExtension vscode.json-language-features {"startup":false,"activationEvent":"onLanguage:jsonc"}
[2018-12-08 01:16:56.473] [exthost] [info] ExtensionService#loadCommonJSModule /usr/share/vscodium/resources/app/extensions/json-language-features/client/dist/jsonMain
[2018-12-08 01:16:56.582] [exthost] [info] ExtensionService#_doActivateExtension vscode.typescript-language-features {"startup":false,"activationEvent":"onLanguage:jsonc"}
[2018-12-08 01:16:56.582] [exthost] [info] ExtensionService#loadCommonJSModule /usr/share/vscodium/resources/app/extensions/typescript-language-features/dist/extension
[2018-12-08 01:38:42.332] [exthost] [info] ExtensionService#_doActivateExtension ms-vscode.cpptools {"startup":false,"activationEvent":"onLanguage:c"}
[2018-12-08 01:38:42.332] [exthost] [info] ExtensionService#loadCommonJSModule /home/omar/.vscode-oss/extensions/ms-vscode.cpptools-0.20.1/out/src/main
