[2018-12-08 23:32:05.945] [exthost] [info] extension host started
[2018-12-08 23:32:05.997] [exthost] [info] ExtensionService#_doActivateExtension vscode.debug-auto-launch {"startup":true,"activationEvent":"*"}
[2018-12-08 23:32:05.997] [exthost] [info] ExtensionService#loadCommonJSModule /usr/share/vscodium/resources/app/extensions/debug-auto-launch/dist/extension
[2018-12-08 23:32:06.008] [exthost] [info] ExtensionService#_doActivateExtension vscode.emmet {"startup":true,"activationEvent":"*"}
[2018-12-08 23:32:06.008] [exthost] [info] ExtensionService#loadCommonJSModule /usr/share/vscodium/resources/app/extensions/emmet/dist/extension
[2018-12-08 23:32:06.034] [exthost] [info] ExtensionService#_doActivateExtension vscode.git {"startup":true,"activationEvent":"*"}
[2018-12-08 23:32:06.034] [exthost] [info] ExtensionService#loadCommonJSModule /usr/share/vscodium/resources/app/extensions/git/dist/main
[2018-12-08 23:32:06.140] [exthost] [info] ExtensionService#_doActivateExtension vscode.merge-conflict {"startup":true,"activationEvent":"*"}
[2018-12-08 23:32:06.140] [exthost] [info] ExtensionService#loadCommonJSModule /usr/share/vscodium/resources/app/extensions/merge-conflict/dist/extension
[2018-12-08 23:32:06.146] [exthost] [info] ExtensionService#_doActivateExtension icrawl.discord-vscode {"startup":true,"activationEvent":"*"}
[2018-12-08 23:32:06.146] [exthost] [info] ExtensionService#loadCommonJSModule /home/omar/.vscode-oss/extensions/icrawl.discord-vscode-3.2.1/dist/extension
[2018-12-08 23:32:06.196] [exthost] [info] ExtensionService#_doActivateExtension PKief.material-icon-theme {"startup":true,"activationEvent":"*"}
[2018-12-08 23:32:06.197] [exthost] [info] ExtensionService#loadCommonJSModule /home/omar/.vscode-oss/extensions/pkief.material-icon-theme-3.6.1/out/src/extension
[2018-12-08 23:32:06.227] [exthost] [info] ExtensionService#_doActivateExtension robertohuertasm.vscode-icons {"startup":true,"activationEvent":"*"}
[2018-12-08 23:32:06.227] [exthost] [info] ExtensionService#loadCommonJSModule /home/omar/.vscode-oss/extensions/robertohuertasm.vscode-icons-7.28.0/out/src/
[2018-12-08 23:32:06.296] [exthost] [info] ExtensionService#_doActivateExtension spywhere.guides {"startup":true,"activationEvent":"*"}
[2018-12-08 23:32:06.296] [exthost] [info] ExtensionService#loadCommonJSModule /home/omar/.vscode-oss/extensions/spywhere.guides-0.9.2/out/extension
[2018-12-08 23:32:06.481] [exthost] [info] ExtensionService#_doActivateExtension vscodevim.vim {"startup":true,"activationEvent":"*"}
[2018-12-08 23:32:06.481] [exthost] [info] ExtensionService#loadCommonJSModule /home/omar/.vscode-oss/extensions/vscodevim.vim-0.16.13/out/extension
[2018-12-08 23:32:06.873] [exthost] [info] ExtensionService#_doActivateExtension ms-vscode.cpptools {"startup":false,"activationEvent":"onLanguage:c"}
[2018-12-08 23:32:06.873] [exthost] [info] ExtensionService#loadCommonJSModule /home/omar/.vscode-oss/extensions/ms-vscode.cpptools-0.20.1/out/src/main
[2018-12-08 23:32:07.398] [exthost] [info] eager extensions activated
[2018-12-09 18:09:30.198] [exthost] [info] extension host started
[2018-12-09 18:09:30.230] [exthost] [info] ExtensionService#_doActivateExtension vscode.debug-auto-launch {"startup":true,"activationEvent":"*"}
[2018-12-09 18:09:30.230] [exthost] [info] ExtensionService#loadCommonJSModule /usr/share/vscodium/resources/app/extensions/debug-auto-launch/dist/extension
[2018-12-09 18:09:30.236] [exthost] [info] ExtensionService#_doActivateExtension vscode.emmet {"startup":true,"activationEvent":"*"}
[2018-12-09 18:09:30.236] [exthost] [info] ExtensionService#loadCommonJSModule /usr/share/vscodium/resources/app/extensions/emmet/dist/extension
[2018-12-09 18:09:30.254] [exthost] [info] ExtensionService#_doActivateExtension vscode.git {"startup":true,"activationEvent":"*"}
[2018-12-09 18:09:30.254] [exthost] [info] ExtensionService#loadCommonJSModule /usr/share/vscodium/resources/app/extensions/git/dist/main
[2018-12-09 18:09:30.379] [exthost] [info] ExtensionService#_doActivateExtension vscode.merge-conflict {"startup":true,"activationEvent":"*"}
[2018-12-09 18:09:30.379] [exthost] [info] ExtensionService#loadCommonJSModule /usr/share/vscodium/resources/app/extensions/merge-conflict/dist/extension
[2018-12-09 18:09:30.385] [exthost] [info] ExtensionService#_doActivateExtension icrawl.discord-vscode {"startup":true,"activationEvent":"*"}
[2018-12-09 18:09:30.385] [exthost] [info] ExtensionService#loadCommonJSModule /home/omar/.vscode-oss/extensions/icrawl.discord-vscode-3.2.1/dist/extension
[2018-12-09 18:09:30.624] [exthost] [info] ExtensionService#_doActivateExtension PKief.material-icon-theme {"startup":true,"activationEvent":"*"}
[2018-12-09 18:09:30.624] [exthost] [info] ExtensionService#loadCommonJSModule /home/omar/.vscode-oss/extensions/pkief.material-icon-theme-3.6.1/out/src/extension
[2018-12-09 18:09:30.664] [exthost] [info] ExtensionService#_doActivateExtension robertohuertasm.vscode-icons {"startup":true,"activationEvent":"*"}
[2018-12-09 18:09:30.664] [exthost] [info] ExtensionService#loadCommonJSModule /home/omar/.vscode-oss/extensions/robertohuertasm.vscode-icons-7.28.0/out/src/
[2018-12-09 18:09:30.918] [exthost] [info] ExtensionService#_doActivateExtension vscodevim.vim {"startup":true,"activationEvent":"*"}
[2018-12-09 18:09:30.918] [exthost] [info] ExtensionService#loadCommonJSModule /home/omar/.vscode-oss/extensions/vscodevim.vim-0.16.13/out/extension
[2018-12-09 18:09:31.536] [exthost] [info] ExtensionService#_doActivateExtension ms-vscode.cpptools {"startup":false,"activationEvent":"onLanguage:c"}
[2018-12-09 18:09:31.536] [exthost] [info] ExtensionService#loadCommonJSModule /home/omar/.vscode-oss/extensions/ms-vscode.cpptools-0.20.1/out/src/main
[2018-12-09 18:09:31.973] [exthost] [info] eager extensions activated
[2018-12-09 18:21:52.832] [exthost] [info] ExtensionService#_doActivateExtension vscode.configuration-editing {"startup":false,"activationEvent":"onLanguage:jsonc"}
[2018-12-09 18:21:52.832] [exthost] [info] ExtensionService#loadCommonJSModule /usr/share/vscodium/resources/app/extensions/configuration-editing/dist/extension
[2018-12-09 18:21:52.846] [exthost] [info] ExtensionService#_doActivateExtension vscode.json-language-features {"startup":false,"activationEvent":"onLanguage:jsonc"}
[2018-12-09 18:21:52.846] [exthost] [info] ExtensionService#loadCommonJSModule /usr/share/vscodium/resources/app/extensions/json-language-features/client/dist/jsonMain
[2018-12-09 18:21:52.917] [exthost] [info] ExtensionService#_doActivateExtension vscode.typescript-language-features {"startup":false,"activationEvent":"onLanguage:jsonc"}
[2018-12-09 18:21:52.917] [exthost] [info] ExtensionService#loadCommonJSModule /usr/share/vscodium/resources/app/extensions/typescript-language-features/dist/extension
