[2018-12-09 20:20:34.473] [sharedprocess] [info] main {"machineId":"cf91ee20b44644c263363a40e74b55a05a602fd065b26d0c46f698fea6717450"}
[2018-12-09 20:20:34.637] [sharedprocess] [info] Scanned user extensions: 15
[2018-12-09 20:20:35.302] [sharedprocess] [info] Scanned user extensions: 15
[2018-12-09 20:20:35.319] [sharedprocess] [info] Scanned system extensions: 71
[2018-12-09 20:20:35.325] [sharedprocess] [info] Scanned system extensions: 71
[2018-12-09 20:20:35.325] [sharedprocess] [info] Scanned system extensions: 71
[2018-12-09 20:20:35.326] [sharedprocess] [info] Deleted from disk spywhere.guides-0.9.2
[2018-12-09 20:20:35.404] [sharedprocess] [info] Scanned user extensions: 15
[2018-12-09 20:20:35.435] [sharedprocess] [info] Scanned user extensions: 15
[2018-12-09 20:21:14.478] [sharedprocess] [info] Starting to clean up unused language packs.
[2018-12-09 20:25:35.474] [sharedprocess] [info] Scanned user extensions: 15
[2018-12-09 20:30:35.510] [sharedprocess] [info] Scanned user extensions: 15
[2018-12-09 20:35:35.542] [sharedprocess] [info] Scanned user extensions: 15
[2018-12-09 20:40:35.577] [sharedprocess] [info] Scanned user extensions: 15
[2018-12-09 20:45:35.605] [sharedprocess] [info] Scanned user extensions: 15
[2018-12-09 20:50:35.625] [sharedprocess] [info] Scanned user extensions: 15
[2018-12-09 20:55:35.655] [sharedprocess] [info] Scanned user extensions: 15
[2018-12-09 21:00:35.697] [sharedprocess] [info] Scanned user extensions: 15
[2018-12-09 21:24:34.738] [sharedprocess] [info] Scanned user extensions: 15
[2018-12-09 21:24:45.887] [sharedprocess] [info] Scanned user extensions: 15
[2018-12-09 21:24:45.948] [sharedprocess] [info] Scanned user extensions: 15
[2018-12-09 21:24:45.957] [sharedprocess] [info] Scanned user extensions: 15
[2018-12-09 21:24:45.963] [sharedprocess] [info] Scanned user extensions: 15
[2018-12-09 21:24:46.069] [sharedprocess] [info] Scanned system extensions: 71
[2018-12-09 21:24:46.077] [sharedprocess] [info] Scanned system extensions: 71
[2018-12-09 21:24:46.085] [sharedprocess] [info] Scanned system extensions: 71
[2018-12-09 21:29:34.770] [sharedprocess] [info] Scanned user extensions: 15
