[2018-12-10 21:33:51.188] [exthost] [info] extension host started
[2018-12-10 21:33:51.233] [exthost] [info] ExtensionService#_doActivateExtension vscode.debug-auto-launch {"startup":true,"activationEvent":"*"}
[2018-12-10 21:33:51.233] [exthost] [info] ExtensionService#loadCommonJSModule /usr/share/vscodium/resources/app/extensions/debug-auto-launch/dist/extension
[2018-12-10 21:33:51.793] [exthost] [info] ExtensionService#_doActivateExtension vscode.emmet {"startup":true,"activationEvent":"*"}
[2018-12-10 21:33:51.793] [exthost] [info] ExtensionService#loadCommonJSModule /usr/share/vscodium/resources/app/extensions/emmet/dist/extension
[2018-12-10 21:33:51.977] [exthost] [info] ExtensionService#_doActivateExtension vscode.git {"startup":true,"activationEvent":"*"}
[2018-12-10 21:33:51.977] [exthost] [info] ExtensionService#loadCommonJSModule /usr/share/vscodium/resources/app/extensions/git/dist/main
[2018-12-10 21:33:52.739] [exthost] [info] ExtensionService#_doActivateExtension vscode.merge-conflict {"startup":true,"activationEvent":"*"}
[2018-12-10 21:33:52.739] [exthost] [info] ExtensionService#loadCommonJSModule /usr/share/vscodium/resources/app/extensions/merge-conflict/dist/extension
[2018-12-10 21:33:53.287] [exthost] [info] ExtensionService#_doActivateExtension icrawl.discord-vscode {"startup":true,"activationEvent":"*"}
[2018-12-10 21:33:53.287] [exthost] [info] ExtensionService#loadCommonJSModule /home/omar/.vscode-oss/extensions/icrawl.discord-vscode-3.2.1/dist/extension
[2018-12-10 21:34:05.031] [exthost] [info] ExtensionService#_doActivateExtension PKief.material-icon-theme {"startup":true,"activationEvent":"*"}
[2018-12-10 21:34:05.031] [exthost] [info] ExtensionService#loadCommonJSModule /home/omar/.vscode-oss/extensions/pkief.material-icon-theme-3.6.1/out/src/extension
[2018-12-10 21:34:11.323] [exthost] [info] ExtensionService#_doActivateExtension robertohuertasm.vscode-icons {"startup":true,"activationEvent":"*"}
[2018-12-10 21:34:11.323] [exthost] [info] ExtensionService#loadCommonJSModule /home/omar/.vscode-oss/extensions/robertohuertasm.vscode-icons-7.28.0/out/src/
[2018-12-10 21:34:13.797] [exthost] [info] extension host started
[2018-12-10 21:34:13.857] [exthost] [info] ExtensionService#_doActivateExtension vscode.debug-auto-launch {"startup":true,"activationEvent":"*"}
[2018-12-10 21:34:13.857] [exthost] [info] ExtensionService#loadCommonJSModule /usr/share/vscodium/resources/app/extensions/debug-auto-launch/dist/extension
[2018-12-10 21:34:13.871] [exthost] [info] ExtensionService#_doActivateExtension vscode.emmet {"startup":true,"activationEvent":"*"}
[2018-12-10 21:34:13.871] [exthost] [info] ExtensionService#loadCommonJSModule /usr/share/vscodium/resources/app/extensions/emmet/dist/extension
[2018-12-10 21:34:13.916] [exthost] [info] ExtensionService#_doActivateExtension vscode.git {"startup":true,"activationEvent":"*"}
[2018-12-10 21:34:13.916] [exthost] [info] ExtensionService#loadCommonJSModule /usr/share/vscodium/resources/app/extensions/git/dist/main
[2018-12-10 21:34:14.060] [exthost] [info] ExtensionService#_doActivateExtension vscode.merge-conflict {"startup":true,"activationEvent":"*"}
[2018-12-10 21:34:14.061] [exthost] [info] ExtensionService#loadCommonJSModule /usr/share/vscodium/resources/app/extensions/merge-conflict/dist/extension
[2018-12-10 21:34:14.070] [exthost] [info] ExtensionService#_doActivateExtension icrawl.discord-vscode {"startup":true,"activationEvent":"*"}
[2018-12-10 21:34:14.070] [exthost] [info] ExtensionService#loadCommonJSModule /home/omar/.vscode-oss/extensions/icrawl.discord-vscode-3.2.1/dist/extension
[2018-12-10 21:34:14.145] [exthost] [info] ExtensionService#_doActivateExtension PKief.material-icon-theme {"startup":true,"activationEvent":"*"}
[2018-12-10 21:34:14.145] [exthost] [info] ExtensionService#loadCommonJSModule /home/omar/.vscode-oss/extensions/pkief.material-icon-theme-3.6.1/out/src/extension
[2018-12-10 21:34:14.193] [exthost] [info] ExtensionService#_doActivateExtension robertohuertasm.vscode-icons {"startup":true,"activationEvent":"*"}
[2018-12-10 21:34:14.193] [exthost] [info] ExtensionService#loadCommonJSModule /home/omar/.vscode-oss/extensions/robertohuertasm.vscode-icons-7.28.0/out/src/
[2018-12-10 21:34:21.611] [exthost] [info] ExtensionService#_doActivateExtension vscodevim.vim {"startup":true,"activationEvent":"*"}
[2018-12-10 21:34:21.611] [exthost] [info] ExtensionService#loadCommonJSModule /home/omar/.vscode-oss/extensions/vscodevim.vim-0.16.13/out/extension
[2018-12-10 21:34:34.387] [exthost] [info] ExtensionService#_doActivateExtension rust-lang.rust {"startup":true,"activationEvent":"workspaceContains:Cargo.toml"}
[2018-12-10 21:34:34.387] [exthost] [info] ExtensionService#loadCommonJSModule /home/omar/.vscode-oss/extensions/rust-lang.rust-0.5.3/out/src/extension
[2018-12-10 21:34:36.744] [exthost] [info] eager extensions activated
[2018-12-10 21:34:46.359] [exthost] [info] ExtensionService#_doActivateExtension vscode.configuration-editing {"startup":false,"activationEvent":"onLanguage:jsonc"}
[2018-12-10 21:34:46.359] [exthost] [info] ExtensionService#loadCommonJSModule /usr/share/vscodium/resources/app/extensions/configuration-editing/dist/extension
[2018-12-10 21:34:46.590] [exthost] [info] ExtensionService#_doActivateExtension vscode.json-language-features {"startup":false,"activationEvent":"onLanguage:jsonc"}
[2018-12-10 21:34:46.590] [exthost] [info] ExtensionService#loadCommonJSModule /usr/share/vscodium/resources/app/extensions/json-language-features/client/dist/jsonMain
[2018-12-10 21:34:46.723] [exthost] [info] ExtensionService#_doActivateExtension vscode.typescript-language-features {"startup":false,"activationEvent":"onLanguage:jsonc"}
[2018-12-10 21:34:46.723] [exthost] [info] ExtensionService#loadCommonJSModule /usr/share/vscodium/resources/app/extensions/typescript-language-features/dist/extension
