[2018-12-10 14:47:48.854] [sharedprocess] [info] main {"machineId":"cf91ee20b44644c263363a40e74b55a05a602fd065b26d0c46f698fea6717450"}
[2018-12-10 14:47:48.944] [sharedprocess] [info] Scanned user extensions: 15
[2018-12-10 14:47:48.983] [sharedprocess] [info] Scanned user extensions: 15
[2018-12-10 14:47:48.993] [sharedprocess] [info] Scanned user extensions: 15
[2018-12-10 14:47:49.063] [sharedprocess] [info] Scanned system extensions: 71
[2018-12-10 14:47:49.076] [sharedprocess] [info] Scanned system extensions: 71
[2018-12-10 14:48:28.862] [sharedprocess] [info] Starting to clean up unused language packs.
[2018-12-10 14:52:49.040] [sharedprocess] [info] Scanned user extensions: 15
[2018-12-10 14:57:49.074] [sharedprocess] [info] Scanned user extensions: 15
[2018-12-10 15:00:24.462] [sharedprocess] [info] Scanned user extensions: 15
[2018-12-10 15:00:24.474] [sharedprocess] [info] Scanned user extensions: 15
[2018-12-10 15:00:24.573] [sharedprocess] [info] Scanned system extensions: 71
[2018-12-10 15:00:24.582] [sharedprocess] [info] Scanned system extensions: 71
[2018-12-10 15:00:24.980] [sharedprocess] [info] Scanned user extensions: 15
[2018-12-10 15:02:12.581] [sharedprocess] [info] Scanned user extensions: 15
[2018-12-10 15:02:12.594] [sharedprocess] [info] Scanned user extensions: 15
[2018-12-10 15:02:12.682] [sharedprocess] [info] Scanned system extensions: 71
[2018-12-10 15:02:12.698] [sharedprocess] [info] Scanned system extensions: 71
[2018-12-10 15:02:13.294] [sharedprocess] [info] Scanned user extensions: 15
[2018-12-10 15:07:13.325] [sharedprocess] [info] Scanned user extensions: 15
[2018-12-10 15:12:13.356] [sharedprocess] [info] Scanned user extensions: 15
[2018-12-10 15:17:13.392] [sharedprocess] [info] Scanned user extensions: 15
[2018-12-10 15:22:13.425] [sharedprocess] [info] Scanned user extensions: 15
[2018-12-10 15:27:13.461] [sharedprocess] [info] Scanned user extensions: 15
[2018-12-10 15:32:13.495] [sharedprocess] [info] Scanned user extensions: 15
[2018-12-10 15:37:13.527] [sharedprocess] [info] Scanned user extensions: 15
[2018-12-10 15:42:13.558] [sharedprocess] [info] Scanned user extensions: 15
[2018-12-10 15:47:13.586] [sharedprocess] [info] Scanned user extensions: 15
[2018-12-10 15:52:13.619] [sharedprocess] [info] Scanned user extensions: 15
[2018-12-10 15:56:23.388] [sharedprocess] [info] Scanned user extensions: 15
[2018-12-10 15:56:23.513] [sharedprocess] [info] Scanned user extensions: 15
[2018-12-10 15:56:23.520] [sharedprocess] [info] Scanned user extensions: 15
[2018-12-10 15:56:23.527] [sharedprocess] [info] Scanned user extensions: 15
[2018-12-10 15:56:23.599] [sharedprocess] [info] Scanned system extensions: 71
[2018-12-10 15:56:23.604] [sharedprocess] [info] Scanned system extensions: 71
[2018-12-10 15:56:23.609] [sharedprocess] [info] Scanned system extensions: 71
[2018-12-10 15:56:34.210] [sharedprocess] [info] Scanned user extensions: 15
[2018-12-10 15:56:34.218] [sharedprocess] [info] Scanned user extensions: 15
[2018-12-10 15:56:34.221] [sharedprocess] [info] Scanned user extensions: 15
[2018-12-10 15:56:34.280] [sharedprocess] [info] Scanned system extensions: 71
[2018-12-10 15:56:34.289] [sharedprocess] [info] Scanned system extensions: 71
[2018-12-10 15:56:34.296] [sharedprocess] [info] Scanned system extensions: 71
[2018-12-10 15:57:13.652] [sharedprocess] [info] Scanned user extensions: 15
[2018-12-10 16:02:13.681] [sharedprocess] [info] Scanned user extensions: 15
[2018-12-10 16:34:04.494] [sharedprocess] [info] Scanned user extensions: 15
[2018-12-10 16:35:16.253] [sharedprocess] [info] Scanned user extensions: 15
[2018-12-10 16:35:16.259] [sharedprocess] [info] Scanned user extensions: 15
[2018-12-10 16:35:16.266] [sharedprocess] [info] Scanned user extensions: 15
[2018-12-10 16:35:16.332] [sharedprocess] [info] Scanned system extensions: 71
[2018-12-10 16:35:16.337] [sharedprocess] [info] Scanned system extensions: 71
[2018-12-10 16:35:16.343] [sharedprocess] [info] Scanned system extensions: 71
[2018-12-10 16:37:36.943] [sharedprocess] [info] Installing extension: spacemacs
[2018-12-10 16:37:36.958] [sharedprocess] [info] Scanned user extensions: 15
[2018-12-10 16:39:06.588] [sharedprocess] [info] Scanned user extensions: 15
[2018-12-10 16:39:12.882] [sharedprocess] [info] Downloaded extension: spacemacs /tmp/79d8620b-4993-4d4b-ab66-6294f5d48b29
[2018-12-10 16:39:12.952] [sharedprocess] [info] Extracted extension to /home/omar/.vscode-oss/extensions/.cometeer.spacemacs-1.1.1: cometeer.spacemacs-1.1.1
[2018-12-10 16:39:12.952] [sharedprocess] [info] Renamed to /home/omar/.vscode-oss/extensions/cometeer.spacemacs-1.1.1
[2018-12-10 16:39:12.953] [sharedprocess] [info] Installation completed. cometeer.spacemacs-1.1.1
[2018-12-10 16:39:13.004] [sharedprocess] [info] Extensions installed successfully: cometeer.spacemacs
[2018-12-10 16:39:13.164] [sharedprocess] [info] Scanned user extensions: 16
[2018-12-10 16:39:13.200] [sharedprocess] [info] Scanned system extensions: 71
[2018-12-10 16:39:14.861] [sharedprocess] [info] Scanned user extensions: 16
[2018-12-10 16:39:14.868] [sharedprocess] [info] Scanned user extensions: 16
[2018-12-10 16:39:14.871] [sharedprocess] [info] Scanned user extensions: 16
[2018-12-10 16:39:14.934] [sharedprocess] [info] Scanned system extensions: 71
[2018-12-10 16:39:14.939] [sharedprocess] [info] Scanned system extensions: 71
[2018-12-10 16:39:14.944] [sharedprocess] [info] Scanned system extensions: 71
[2018-12-10 16:39:49.005] [sharedprocess] [info] Scanned user extensions: 16
[2018-12-10 16:39:49.014] [sharedprocess] [info] Scanned user extensions: 16
[2018-12-10 16:39:49.021] [sharedprocess] [info] Scanned user extensions: 16
[2018-12-10 16:39:49.101] [sharedprocess] [info] Scanned system extensions: 71
[2018-12-10 16:39:49.106] [sharedprocess] [info] Scanned system extensions: 71
[2018-12-10 16:39:49.113] [sharedprocess] [info] Scanned system extensions: 71
[2018-12-10 16:40:07.998] [sharedprocess] [info] Scanned user extensions: 16
[2018-12-10 16:40:08.006] [sharedprocess] [info] Scanned user extensions: 16
[2018-12-10 16:40:08.012] [sharedprocess] [info] Scanned user extensions: 16
[2018-12-10 16:40:08.080] [sharedprocess] [info] Scanned system extensions: 71
[2018-12-10 16:40:08.086] [sharedprocess] [info] Scanned system extensions: 71
[2018-12-10 16:40:08.091] [sharedprocess] [info] Scanned system extensions: 71
[2018-12-10 16:44:06.624] [sharedprocess] [info] Scanned user extensions: 16
[2018-12-10 16:49:06.659] [sharedprocess] [info] Scanned user extensions: 16
[2018-12-10 16:54:06.698] [sharedprocess] [info] Scanned user extensions: 16
[2018-12-10 16:59:06.729] [sharedprocess] [info] Scanned user extensions: 16
[2018-12-10 17:04:06.765] [sharedprocess] [info] Scanned user extensions: 16
[2018-12-10 17:09:06.799] [sharedprocess] [info] Scanned user extensions: 16
[2018-12-10 17:14:06.828] [sharedprocess] [info] Scanned user extensions: 16
[2018-12-10 17:19:06.862] [sharedprocess] [info] Scanned user extensions: 16
[2018-12-10 17:24:06.895] [sharedprocess] [info] Scanned user extensions: 16
[2018-12-10 17:29:06.932] [sharedprocess] [info] Scanned user extensions: 16
[2018-12-10 17:34:06.967] [sharedprocess] [info] Scanned user extensions: 16
[2018-12-10 17:39:07.000] [sharedprocess] [info] Scanned user extensions: 16
[2018-12-10 17:44:07.034] [sharedprocess] [info] Scanned user extensions: 16
[2018-12-10 17:49:07.066] [sharedprocess] [info] Scanned user extensions: 16
[2018-12-10 20:17:32.641] [sharedprocess] [info] Scanned user extensions: 16
[2018-12-10 20:17:32.648] [sharedprocess] [info] Scanned user extensions: 16
[2018-12-10 20:17:32.654] [sharedprocess] [info] Scanned user extensions: 16
[2018-12-10 20:17:32.714] [sharedprocess] [info] Scanned system extensions: 71
[2018-12-10 20:17:32.718] [sharedprocess] [info] Scanned system extensions: 71
[2018-12-10 20:17:32.724] [sharedprocess] [info] Scanned system extensions: 71
[2018-12-10 20:19:13.916] [sharedprocess] [info] Scanned user extensions: 16
[2018-12-10 20:24:13.946] [sharedprocess] [info] Scanned user extensions: 16
[2018-12-10 20:29:13.977] [sharedprocess] [info] Scanned user extensions: 16
[2018-12-10 20:34:14.010] [sharedprocess] [info] Scanned user extensions: 16
[2018-12-10 20:39:14.051] [sharedprocess] [info] Scanned user extensions: 16
[2018-12-10 20:44:14.085] [sharedprocess] [info] Scanned user extensions: 16
[2018-12-10 20:48:22.579] [sharedprocess] [info] Scanned user extensions: 16
[2018-12-10 20:48:22.587] [sharedprocess] [info] Scanned user extensions: 16
[2018-12-10 20:48:22.593] [sharedprocess] [info] Scanned user extensions: 16
[2018-12-10 20:48:22.652] [sharedprocess] [info] Scanned system extensions: 71
[2018-12-10 20:48:22.658] [sharedprocess] [info] Scanned system extensions: 71
[2018-12-10 20:48:22.665] [sharedprocess] [info] Scanned system extensions: 71
[2018-12-10 20:49:14.123] [sharedprocess] [info] Scanned user extensions: 16
[2018-12-10 20:54:14.159] [sharedprocess] [info] Scanned user extensions: 16
[2018-12-10 20:59:14.196] [sharedprocess] [info] Scanned user extensions: 16
[2018-12-10 21:04:14.229] [sharedprocess] [info] Scanned user extensions: 16
[2018-12-10 21:05:13.474] [sharedprocess] [info] Scanned user extensions: 16
[2018-12-10 21:05:13.480] [sharedprocess] [info] Scanned user extensions: 16
[2018-12-10 21:05:13.487] [sharedprocess] [info] Scanned user extensions: 16
[2018-12-10 21:05:13.531] [sharedprocess] [info] Scanned system extensions: 71
[2018-12-10 21:05:13.535] [sharedprocess] [info] Scanned system extensions: 71
[2018-12-10 21:05:13.540] [sharedprocess] [info] Scanned system extensions: 71
[2018-12-10 21:06:09.975] [sharedprocess] [info] Scanned user extensions: 16
[2018-12-10 21:06:09.984] [sharedprocess] [info] Scanned user extensions: 16
[2018-12-10 21:06:09.989] [sharedprocess] [info] Scanned user extensions: 16
[2018-12-10 21:06:10.042] [sharedprocess] [info] Scanned system extensions: 71
[2018-12-10 21:06:10.047] [sharedprocess] [info] Scanned system extensions: 71
[2018-12-10 21:06:10.053] [sharedprocess] [info] Scanned system extensions: 71
[2018-12-10 21:07:10.228] [sharedprocess] [info] Installing extension: gruvbox-themes
[2018-12-10 21:07:10.242] [sharedprocess] [info] Scanned user extensions: 16
[2018-12-10 21:07:32.989] [sharedprocess] [info] Downloaded extension: gruvbox-themes /tmp/ff912811-e478-493d-ae11-407aba995608
[2018-12-10 21:07:33.017] [sharedprocess] [info] Extracted extension to /home/omar/.vscode-oss/extensions/.tomphilbin.gruvbox-themes-1.0.0: tomphilbin.gruvbox-themes-1.0.0
[2018-12-10 21:07:33.017] [sharedprocess] [info] Renamed to /home/omar/.vscode-oss/extensions/tomphilbin.gruvbox-themes-1.0.0
[2018-12-10 21:07:33.017] [sharedprocess] [info] Installation completed. tomphilbin.gruvbox-themes-1.0.0
[2018-12-10 21:07:33.092] [sharedprocess] [info] Extensions installed successfully: tomphilbin.gruvbox-themes
[2018-12-10 21:07:33.231] [sharedprocess] [info] Scanned user extensions: 17
[2018-12-10 21:07:33.249] [sharedprocess] [info] Scanned system extensions: 71
[2018-12-10 21:09:14.265] [sharedprocess] [info] Scanned user extensions: 17
[2018-12-10 21:14:14.297] [sharedprocess] [info] Scanned user extensions: 17
[2018-12-10 21:16:33.122] [sharedprocess] [info] Scanned user extensions: 17
[2018-12-10 21:16:33.127] [sharedprocess] [info] Scanned user extensions: 17
[2018-12-10 21:16:33.135] [sharedprocess] [info] Scanned user extensions: 17
[2018-12-10 21:16:33.197] [sharedprocess] [info] Scanned system extensions: 71
[2018-12-10 21:16:33.203] [sharedprocess] [info] Scanned system extensions: 71
[2018-12-10 21:16:33.208] [sharedprocess] [info] Scanned system extensions: 71
[2018-12-10 21:19:14.334] [sharedprocess] [info] Scanned user extensions: 17
[2018-12-10 21:24:14.369] [sharedprocess] [info] Scanned user extensions: 17
