[2018-12-08 13:07:22.540] [exthost] [info] extension host started
[2018-12-08 13:07:22.597] [exthost] [info] ExtensionService#_doActivateExtension vscode.debug-auto-launch {"startup":true,"activationEvent":"*"}
[2018-12-08 13:07:22.597] [exthost] [info] ExtensionService#loadCommonJSModule /usr/share/vscodium/resources/app/extensions/debug-auto-launch/dist/extension
[2018-12-08 13:07:22.607] [exthost] [info] ExtensionService#_doActivateExtension vscode.emmet {"startup":true,"activationEvent":"*"}
[2018-12-08 13:07:22.607] [exthost] [info] ExtensionService#loadCommonJSModule /usr/share/vscodium/resources/app/extensions/emmet/dist/extension
[2018-12-08 13:07:22.627] [exthost] [info] ExtensionService#_doActivateExtension vscode.git {"startup":true,"activationEvent":"*"}
[2018-12-08 13:07:22.627] [exthost] [info] ExtensionService#loadCommonJSModule /usr/share/vscodium/resources/app/extensions/git/dist/main
[2018-12-08 13:07:22.747] [exthost] [info] ExtensionService#_doActivateExtension vscode.merge-conflict {"startup":true,"activationEvent":"*"}
[2018-12-08 13:07:22.747] [exthost] [info] ExtensionService#loadCommonJSModule /usr/share/vscodium/resources/app/extensions/merge-conflict/dist/extension
[2018-12-08 13:07:22.753] [exthost] [info] ExtensionService#_doActivateExtension icrawl.discord-vscode {"startup":true,"activationEvent":"*"}
[2018-12-08 13:07:22.753] [exthost] [info] ExtensionService#loadCommonJSModule /home/omar/.vscode-oss/extensions/icrawl.discord-vscode-3.2.1/dist/extension
[2018-12-08 13:07:22.814] [exthost] [info] ExtensionService#_doActivateExtension PKief.material-icon-theme {"startup":true,"activationEvent":"*"}
[2018-12-08 13:07:22.814] [exthost] [info] ExtensionService#loadCommonJSModule /home/omar/.vscode-oss/extensions/pkief.material-icon-theme-3.6.1/out/src/extension
[2018-12-08 13:07:22.856] [exthost] [info] ExtensionService#_doActivateExtension robertohuertasm.vscode-icons {"startup":true,"activationEvent":"*"}
[2018-12-08 13:07:22.856] [exthost] [info] ExtensionService#loadCommonJSModule /home/omar/.vscode-oss/extensions/robertohuertasm.vscode-icons-7.28.0/out/src/
[2018-12-08 13:07:22.959] [exthost] [info] ExtensionService#_doActivateExtension spywhere.guides {"startup":true,"activationEvent":"*"}
[2018-12-08 13:07:22.959] [exthost] [info] ExtensionService#loadCommonJSModule /home/omar/.vscode-oss/extensions/spywhere.guides-0.9.2/out/extension
[2018-12-08 13:07:23.153] [exthost] [info] ExtensionService#_doActivateExtension vscodevim.vim {"startup":true,"activationEvent":"*"}
[2018-12-08 13:07:23.153] [exthost] [info] ExtensionService#loadCommonJSModule /home/omar/.vscode-oss/extensions/vscodevim.vim-0.16.13/out/extension
[2018-12-08 13:07:23.903] [exthost] [info] eager extensions activated
[2018-12-08 15:26:26.074] [exthost] [info] ExtensionService#_doActivateExtension ms-vscode.cpptools {"startup":false,"activationEvent":"onLanguage:c"}
[2018-12-08 15:26:26.074] [exthost] [info] ExtensionService#loadCommonJSModule /home/omar/.vscode-oss/extensions/ms-vscode.cpptools-0.20.1/out/src/main
